c:\a\c_programme\vc++\scenebasedgraphics\scenebasedgraphics\debug\vc140.pdb
c:\a\c_programme\vc++\scenebasedgraphics\scenebasedgraphics\debug\vc140.idb
c:\a\c_programme\vc++\scenebasedgraphics\scenebasedgraphics\debug\mesh.obj
c:\a\c_programme\vc++\scenebasedgraphics\scenebasedgraphics\debug\modelentity.obj
c:\a\c_programme\vc++\scenebasedgraphics\scenebasedgraphics\debug\pairanimator.obj
c:\a\c_programme\vc++\scenebasedgraphics\scenebasedgraphics\debug\resource.obj
c:\a\c_programme\vc++\scenebasedgraphics\scenebasedgraphics\debug\resourcebuffer.obj
c:\a\c_programme\vc++\scenebasedgraphics\scenebasedgraphics\debug\resourcemanager.obj
c:\a\c_programme\vc++\scenebasedgraphics\scenebasedgraphics\debug\resourceref.obj
c:\a\c_programme\vc++\scenebasedgraphics\scenebasedgraphics\debug\rootscene.obj
c:\a\c_programme\vc++\scenebasedgraphics\scenebasedgraphics\debug\scene.obj
c:\a\c_programme\vc++\scenebasedgraphics\scenebasedgraphics\debug\shader.obj
c:\a\c_programme\vc++\scenebasedgraphics\scenebasedgraphics\debug\model.obj
c:\a\c_programme\vc++\scenebasedgraphics\scenebasedgraphics\debug\strings.obj
c:\a\c_programme\vc++\scenebasedgraphics\scenebasedgraphics\debug\text.obj
c:\a\c_programme\vc++\scenebasedgraphics\scenebasedgraphics\debug\textmodel.obj
c:\a\c_programme\vc++\scenebasedgraphics\scenebasedgraphics\debug\texture.obj
c:\a\c_programme\vc++\scenebasedgraphics\scenebasedgraphics\debug\textureex.obj
c:\a\c_programme\vc++\scenebasedgraphics\scenebasedgraphics\debug\verticallayout.obj
c:\a\c_programme\vc++\scenebasedgraphics\scenebasedgraphics\debug\viewer.obj
c:\a\c_programme\vc++\scenebasedgraphics\scenebasedgraphics\debug\viewer2.obj
c:\a\c_programme\vc++\scenebasedgraphics\scenebasedgraphics\debug\weightedlayout.obj
c:\a\c_programme\vc++\scenebasedgraphics\scenebasedgraphics\debug\camera.obj
c:\a\c_programme\vc++\scenebasedgraphics\scenebasedgraphics\debug\camera2.obj
c:\a\c_programme\vc++\scenebasedgraphics\scenebasedgraphics\debug\clampfuncs.obj
c:\a\c_programme\vc++\scenebasedgraphics\scenebasedgraphics\debug\constantanimator.obj
c:\a\c_programme\vc++\scenebasedgraphics\scenebasedgraphics\debug\constantlayout.obj
c:\a\c_programme\vc++\scenebasedgraphics\scenebasedgraphics\debug\entity.obj
c:\a\c_programme\vc++\scenebasedgraphics\scenebasedgraphics\debug\entitycomponent.obj
c:\a\c_programme\vc++\scenebasedgraphics\scenebasedgraphics\debug\event.obj
c:\a\c_programme\vc++\scenebasedgraphics\scenebasedgraphics\debug\font.obj
c:\a\c_programme\vc++\scenebasedgraphics\scenebasedgraphics\debug\fpscontroller.obj
c:\a\c_programme\vc++\scenebasedgraphics\scenebasedgraphics\debug\globals.obj
c:\a\c_programme\vc++\scenebasedgraphics\scenebasedgraphics\debug\horizontallayout.obj
c:\a\c_programme\vc++\scenebasedgraphics\scenebasedgraphics\debug\image.obj
c:\a\c_programme\vc++\scenebasedgraphics\scenebasedgraphics\debug\imageentity.obj
c:\a\c_programme\vc++\scenebasedgraphics\scenebasedgraphics\debug\infolog.obj
c:\a\c_programme\vc++\scenebasedgraphics\scenebasedgraphics\debug\inputstate.obj
c:\a\c_programme\vc++\scenebasedgraphics\scenebasedgraphics\debug\interpolationfuncs.obj
c:\a\c_programme\vc++\scenebasedgraphics\scenebasedgraphics\debug\layout.obj
c:\a\c_programme\vc++\scenebasedgraphics\scenebasedgraphics\debug\maths.obj
c:\a\c_programme\vc++\scenebasedgraphics\scenebasedgraphics\debug\mdl.obj
c:\a\c_programme\vc++\scenebasedgraphics\scenebasedgraphics\debug\animatedcomponent.obj
c:\a\c_programme\vc++\scenebasedgraphics\scenebasedgraphics\debug\animator.obj
c:\a\c_programme\vc++\scenebasedgraphics\scenebasedgraphics\debug\application.obj
c:\a\c_programme\vc++\scenebasedgraphics\scenebasedgraphics\debug\arrow.obj
c:\a\c_programme\vc++\scenebasedgraphics\scenebasedgraphics\debug\atlas.obj
c:\a\c_programme\vc++\scenebasedgraphics\scenebasedgraphics\debug\button.obj
c:\a\c_programme\vc++\scenebasedgraphics\scenebasedgraphics\debug\buttonentity.obj
c:\a\c_programme\vc++\scenebasedgraphics\debug\scenebasedgraphics.ilk
c:\a\c_programme\vc++\scenebasedgraphics\debug\scenebasedgraphics.dll
c:\a\c_programme\vc++\scenebasedgraphics\debug\scenebasedgraphics.pdb
c:\a\c_programme\vc++\scenebasedgraphics\scenebasedgraphics\debug\scenebas.0e8afd0e.tlog\cl.command.1.tlog
c:\a\c_programme\vc++\scenebasedgraphics\scenebasedgraphics\debug\scenebas.0e8afd0e.tlog\cl.read.1.tlog
c:\a\c_programme\vc++\scenebasedgraphics\scenebasedgraphics\debug\scenebas.0e8afd0e.tlog\cl.write.1.tlog
c:\a\c_programme\vc++\scenebasedgraphics\scenebasedgraphics\debug\scenebas.0e8afd0e.tlog\link.command.1.tlog
c:\a\c_programme\vc++\scenebasedgraphics\scenebasedgraphics\debug\scenebas.0e8afd0e.tlog\link.read.1.tlog
c:\a\c_programme\vc++\scenebasedgraphics\scenebasedgraphics\debug\scenebas.0e8afd0e.tlog\link.write.1.tlog
